#
# There is insufficient memory for the Java Runtime Environment to continue.
# Native memory allocation (mmap) failed to map 333447168 bytes for Failed to commit area from 0x00000006c3000000 to 0x00000006d6e00000 of length 333447168.
# Possible reasons:
#   The system is out of physical RAM or swap space
#   The process is running with CompressedOops enabled, and the Java Heap may be blocking the growth of the native heap
# Possible solutions:
#   Reduce memory load on the system
#   Increase physical memory or swap space
#   Check if swap backing store is full
#   Decrease Java heap size (-Xmx/-Xms)
#   Decrease number of Java threads
#   Decrease Java thread stack sizes (-Xss)
#   Set larger code cache with -XX:ReservedCodeCacheSize=
# This output file may be truncated or incomplete.
#
#  Out of Memory Error (./open/src/hotspot/os/windows/os_windows.cpp:3276), pid=34940, tid=47044
#
# JRE version:  (11.0.13+10) (build )
# Java VM: Java HotSpot(TM) 64-Bit Server VM (11.0.13+10-LTS-370, mixed mode, sharing, tiered, compressed oops, g1 gc, windows-amd64)
# No core dump will be written. Minidumps are not enabled by default on client versions of Windows
#

---------------  S U M M A R Y ------------

Command Line: -XX:TieredStopAtLevel=1 -Xverify:none -Dspring.output.ansi.enabled=always -javaagent:D:\VMINE\IntelliJ IDEA 2021.1\lib\idea_rt.jar=50597:D:\VMINE\IntelliJ IDEA 2021.1\bin -Dcom.sun.management.jmxremote -Dspring.jmx.enabled=true -Dspring.liveBeansView.mbeanDomain -Dspring.application.admin.enabled=true -Dfile.encoding=UTF-8 com.recruitment.recruitmenthcmmanagement.RecruitmentHcmManagementApplication

Host: Intel(R) Core(TM) i5-10300H CPU @ 2.50GHz, 8 cores, 19G,  Windows 10 , 64 bit Build 22000 (10.0.22000.675)
Time: Thu Jun  2 17:41:35 2022 Paris, Madrid (heure d’été) elapsed time: 0.015819 seconds (0d 0h 0m 0s)

---------------  T H R E A D  ---------------

Current thread (0x000001be86ee5000):  JavaThread "Unknown thread" [_thread_in_vm, id=47044, stack(0x00000033ece00000,0x00000033ecf00000)]

Stack: [0x00000033ece00000,0x00000033ecf00000]
Native frames: (J=compiled Java code, j=interpreted, Vv=VM code, C=native code)
V  [jvm.dll+0x62870a]
V  [jvm.dll+0x761f2f]
V  [jvm.dll+0x7635d9]
V  [jvm.dll+0x763c63]
V  [jvm.dll+0x23d728]
V  [jvm.dll+0x625aba]
V  [jvm.dll+0x61a855]
V  [jvm.dll+0x2f242c]
V  [jvm.dll+0x2f22b2]
V  [jvm.dll+0x2f6fd6]
V  [jvm.dll+0x3395ff]
V  [jvm.dll+0x339030]
V  [jvm.dll+0x2cfa38]
V  [jvm.dll+0x2d0ba6]
V  [jvm.dll+0x73c547]
V  [jvm.dll+0x73dddf]
V  [jvm.dll+0x346369]
V  [jvm.dll+0x721e60]
V  [jvm.dll+0x3b500f]
V  [jvm.dll+0x3b7121]
C  [jli.dll+0x5207]
C  [ucrtbase.dll+0x26c0c]
C  [KERNEL32.DLL+0x154e0]
C  [ntdll.dll+0x485b]


---------------  P R O C E S S  ---------------

Threads class SMR info:
_java_thread_list=0x000001be84e07e90, length=0, elements={
}

Java Threads: ( => current thread )

Other Threads:
  0x000001be86ef9000 GCTaskThread "GC Thread#0" [stack: 0x00000033ecf00000,0x00000033ed000000] [id=54172]
  0x000001be86f69000 ConcurrentGCThread "G1 Main Marker" [stack: 0x00000033ed000000,0x00000033ed100000] [id=81380]
  0x000001be86f6e800 ConcurrentGCThread "G1 Conc#0" [stack: 0x00000033ed100000,0x00000033ed200000] [id=80096]

[error occurred during error reporting (printing all threads), id 0xc0000005, EXCEPTION_ACCESS_VIOLATION (0xc0000005) at pc=0x00007ff87b00ecc7]

VM state:not at safepoint (not fully initialized)

VM Mutex/Monitor currently owned by a thread:  ([mutex/lock_event])
[0x000001be86ee2ba0] Heap_lock - owner thread: 0x000001be86ee5000

Heap address: 0x00000006c3000000, size: 5072 MB, Compressed Oops mode: Non-zero based: 0x00000006c3000000
Narrow klass base: 0x0000000000000000, Narrow klass shift: 0

GC Heap History (0 events):
No events

Deoptimization events (0 events):
No events

Classes redefined (0 events):
No events

Internal exceptions (0 events):
No events

Events (0 events):
No events


Dynamic libraries:
0x00007ff71d2f0000 - 0x00007ff71d2ff000 	C:\Program Files\Java\jdk-11.0.13\bin\java.exe
0x00007ff929760000 - 0x00007ff929969000 	C:\WINDOWS\SYSTEM32\ntdll.dll
0x00007ff9290e0000 - 0x00007ff92919d000 	C:\WINDOWS\System32\KERNEL32.DLL
0x00007ff926cf0000 - 0x00007ff927069000 	C:\WINDOWS\System32\KERNELBASE.dll
0x00007ff9270a0000 - 0x00007ff9271b1000 	C:\WINDOWS\System32\ucrtbase.dll
0x00007ff8fb8a0000 - 0x00007ff8fb8b5000 	C:\Program Files\Java\jdk-11.0.13\bin\VCRUNTIME140.dll
0x00007ff8fbd20000 - 0x00007ff8fbd38000 	C:\Program Files\Java\jdk-11.0.13\bin\jli.dll
0x00007ff9280d0000 - 0x00007ff92817e000 	C:\WINDOWS\System32\ADVAPI32.dll
0x00007ff927600000 - 0x00007ff9276a3000 	C:\WINDOWS\System32\msvcrt.dll
0x00007ff9283e0000 - 0x00007ff92847e000 	C:\WINDOWS\System32\sechost.dll
0x00007ff9294d0000 - 0x00007ff9295f0000 	C:\WINDOWS\System32\RPCRT4.dll
0x00007ff927f20000 - 0x00007ff9280cc000 	C:\WINDOWS\System32\USER32.dll
0x00007ff927070000 - 0x00007ff927096000 	C:\WINDOWS\System32\win32u.dll
0x00007ff904000000 - 0x00007ff9042a5000 	C:\WINDOWS\WinSxS\amd64_microsoft.windows.common-controls_6595b64144ccf1df_6.0.22000.120_none_9d947278b86cc467\COMCTL32.dll
0x00007ff928500000 - 0x00007ff928529000 	C:\WINDOWS\System32\GDI32.dll
0x00007ff9272b0000 - 0x00007ff9273c2000 	C:\WINDOWS\System32\gdi32full.dll
0x00007ff926c50000 - 0x00007ff926ced000 	C:\WINDOWS\System32\msvcp_win.dll
0x00007ff9206a0000 - 0x00007ff9206aa000 	C:\WINDOWS\SYSTEM32\VERSION.dll
0x00007ff9295f0000 - 0x00007ff929621000 	C:\WINDOWS\System32\IMM32.DLL
0x00007ff8f45d0000 - 0x00007ff8f466b000 	C:\Program Files\Java\jdk-11.0.13\bin\msvcp140.dll
0x00007ff87ad30000 - 0x00007ff87b843000 	C:\Program Files\Java\jdk-11.0.13\bin\server\jvm.dll
0x00007ff928480000 - 0x00007ff928488000 	C:\WINDOWS\System32\PSAPI.DLL
0x00007ff922260000 - 0x00007ff922293000 	C:\WINDOWS\SYSTEM32\WINMM.dll
0x00007ff8fe6f0000 - 0x00007ff8fe6f9000 	C:\WINDOWS\SYSTEM32\WSOCK32.dll
0x00007ff928180000 - 0x00007ff9281ef000 	C:\WINDOWS\System32\WS2_32.dll
0x00007ff925df0000 - 0x00007ff925e08000 	C:\WINDOWS\SYSTEM32\kernel.appcore.dll
0x00007ff908600000 - 0x00007ff908610000 	C:\Program Files\Java\jdk-11.0.13\bin\verify.dll
0x00007ff924720000 - 0x00007ff924941000 	C:\WINDOWS\SYSTEM32\DBGHELP.DLL
0x00007ff90acf0000 - 0x00007ff90ad21000 	C:\WINDOWS\SYSTEM32\dbgcore.DLL
0x00007ff927230000 - 0x00007ff9272af000 	C:\WINDOWS\System32\bcryptPrimitives.dll
0x00007ff8fb780000 - 0x00007ff8fb7a8000 	C:\Program Files\Java\jdk-11.0.13\bin\java.dll
0x00007ff9051d0000 - 0x00007ff9051da000 	C:\Program Files\Java\jdk-11.0.13\bin\jimage.dll
0x00007ff8ffc40000 - 0x00007ff8ffc4e000 	C:\Program Files\Java\jdk-11.0.13\bin\instrument.dll
0x00007ff8fa920000 - 0x00007ff8fa936000 	C:\Program Files\Java\jdk-11.0.13\bin\zip.dll

dbghelp: loaded successfully - version: 4.0.5 - missing functions: none
symbol engine: initialized successfully - sym options: 0x614 - pdb path: .;C:\Program Files\Java\jdk-11.0.13\bin;C:\WINDOWS\SYSTEM32;C:\WINDOWS\WinSxS\amd64_microsoft.windows.common-controls_6595b64144ccf1df_6.0.22000.120_none_9d947278b86cc467;C:\Program Files\Java\jdk-11.0.13\bin\server

VM Arguments:
jvm_args: -XX:TieredStopAtLevel=1 -Xverify:none -Dspring.output.ansi.enabled=always -javaagent:D:\VMINE\IntelliJ IDEA 2021.1\lib\idea_rt.jar=50597:D:\VMINE\IntelliJ IDEA 2021.1\bin -Dcom.sun.management.jmxremote -Dspring.jmx.enabled=true -Dspring.liveBeansView.mbeanDomain -Dspring.application.admin.enabled=true -Dfile.encoding=UTF-8 
java_command: com.recruitment.recruitmenthcmmanagement.RecruitmentHcmManagementApplication
java_class_path (initial): D:\VMINE\pfe\Manzello - HR\Development\Sprints\Sprint2\target\test-classes;D:\VMINE\pfe\Manzello - HR\Development\Sprints\Sprint2\target\classes;C:\Users\user\.m2\repository\org\springframework\boot\spring-boot-starter-data-mongodb\2.6.4\spring-boot-starter-data-mongodb-2.6.4.jar;C:\Users\user\.m2\repository\org\springframework\boot\spring-boot-starter\2.6.4\spring-boot-starter-2.6.4.jar;C:\Users\user\.m2\repository\org\springframework\boot\spring-boot-starter-logging\2.6.4\spring-boot-starter-logging-2.6.4.jar;C:\Users\user\.m2\repository\ch\qos\logback\logback-classic\1.2.10\logback-classic-1.2.10.jar;C:\Users\user\.m2\repository\ch\qos\logback\logback-core\1.2.10\logback-core-1.2.10.jar;C:\Users\user\.m2\repository\org\apache\logging\log4j\log4j-to-slf4j\2.17.1\log4j-to-slf4j-2.17.1.jar;C:\Users\user\.m2\repository\org\apache\logging\log4j\log4j-api\2.17.1\log4j-api-2.17.1.jar;C:\Users\user\.m2\repository\org\slf4j\jul-to-slf4j\1.7.36\jul-to-slf4j-1.7.36.jar;C:\Users\user\.m2\repository\jakarta\annotation\jakarta.annotation-api\1.3.5\jakarta.annotation-api-1.3.5.jar;C:\Users\user\.m2\repository\org\yaml\snakeyaml\1.29\snakeyaml-1.29.jar;C:\Users\user\.m2\repository\org\mongodb\mongodb-driver-sync\4.4.2\mongodb-driver-sync-4.4.2.jar;C:\Users\user\.m2\repository\org\mongodb\bson\4.4.2\bson-4.4.2.jar;C:\Users\user\.m2\repository\org\mongodb\mongodb-driver-core\4.4.2\mongodb-driver-core-4.4.2.jar;C:\Users\user\.m2\repository\org\springframework\data\spring-data-mongodb\3.3.2\spring-data-mongodb-3.3.2.jar;C:\Users\user\.m2\repository\org\springframework\spring-tx\5.3.16\spring-tx-5.3.16.jar;C:\Users\user\.m2\repository\org\springframework\spring-context\5.3.16\spring-context-5.3.16.jar;C:\Users\user\.m2\repository\org\springframework\spring-beans\5.3.16\spring-beans-5.3.16.jar;C:\Users\user\.m2\repository\org\springframework\spring-expression\5.3.16\spring-expression-5.3.16.jar;C:\Users\user\.m2\repository\org\springframework\data\spring-d
Launcher Type: SUN_STANDARD

[Global flags]
     bool BytecodeVerificationLocal                = false                                     {product} {command line}
     bool BytecodeVerificationRemote               = false                                     {product} {command line}
     intx CICompilerCount                          = 4                                         {product} {ergonomic}
     uint ConcGCThreads                            = 2                                         {product} {ergonomic}
     uint G1ConcRefinementThreads                  = 8                                         {product} {ergonomic}
   size_t G1HeapRegionSize                         = 1048576                                   {product} {ergonomic}
    uintx GCDrainStackTargetSize                   = 64                                        {product} {ergonomic}
   size_t InitialHeapSize                          = 333447168                                 {product} {ergonomic}
     bool ManagementServer                         = true                                      {product} {command line}
   size_t MarkStackSize                            = 4194304                                   {product} {ergonomic}
   size_t MaxHeapSize                              = 5318377472                                {product} {ergonomic}
   size_t MinHeapDeltaBytes                        = 1048576                                   {product} {ergonomic}
    uintx NonNMethodCodeHeapSize                   = 7549744                                {pd product} {ergonomic}
    uintx NonProfiledCodeHeapSize                  = 244108496                              {pd product} {ergonomic}
    uintx ProfiledCodeHeapSize                     = 0                                      {pd product} {ergonomic}
    uintx ReservedCodeCacheSize                    = 251658240                              {pd product} {ergonomic}
     bool SegmentedCodeCache                       = true                                      {product} {ergonomic}
     intx TieredStopAtLevel                        = 1                                         {product} {command line}
     bool UseCompressedClassPointers               = true                                 {lp64_product} {ergonomic}
     bool UseCompressedOops                        = true                                 {lp64_product} {ergonomic}
     bool UseG1GC                                  = true                                      {product} {ergonomic}
     bool UseLargePagesIndividualAllocation        = false                                  {pd product} {ergonomic}

Logging:
Log output configuration:
 #0: stdout all=warning uptime,level,tags
 #1: stderr all=off uptime,level,tags

Environment Variables:
JAVA_HOME=C:\Program Files\Java\jdk-11.0.13
PATH=C:\Program Files\Common Files\Oracle\Java\javapath;C:\windows\system32;C:\windows;C:\windows\System32\Wbem;C:\windows\System32\WindowsPowerShell\v1.0\;C:\windows\System32\OpenSSH\;C:\Program Files (x86)\NVIDIA Corporation\PhysX\Common;C:\Program Files\NVIDIA Corporation\NVIDIA NvDLISR;C:\Program Files\nodejs\;C:\Program Files\Git\cmd;C:\Users\user\AppData\Roaming\Microsoft\Windows\Start Menu\Programs\Python 3.8;C:\WINDOWS\system32;C:\WINDOWS;C:\WINDOWS\System32\Wbem;C:\WINDOWS\System32\WindowsPowerShell\v1.0\;C:\WINDOWS\System32\OpenSSH\;D:\VMINE\PUTTY\;C:\Program Files\Java\jdk-11.0.13\bin;C:\wamp64\bin\php\php7.3.12;C:\ProgramData\ComposerSetup\bin;C:\Users\user\AppData\Local\Microsoft\WindowsApps;C:\Users\user\AppData\Roaming\npm;C:\Program Files\JetBrains\PyCharm 2020.3.3\bin;;C:\Users\user\AppData\Roaming\Microsoft\Windows\Start Menu\Programs\Python 3.8;;D:\VMINE\IntelliJ IDEA 2021.1\bin;;C:\Users\user\AppData\Local\Programs\Microsoft VS Code\bin;C:\Users\user\AppData\Roaming\Composer\vendor\bin
USERNAME=user
OS=Windows_NT
PROCESSOR_IDENTIFIER=Intel64 Family 6 Model 165 Stepping 2, GenuineIntel



---------------  S Y S T E M  ---------------

OS: Windows 10 , 64 bit Build 22000 (10.0.22000.675)

CPU:total 8 (initial active 8) (4 cores per cpu, 2 threads per core) family 6 model 165 stepping 2 microcode 0xe0, cmov, cx8, fxsr, mmx, sse, sse2, sse3, ssse3, sse4.1, sse4.2, popcnt, avx, avx2, aes, clmul, erms, 3dnowpref, lzcnt, ht, tsc, tscinvbit, bmi1, bmi2, adx, fma

Memory: 4k page, system-wide physical 20281M (3741M free)
TotalPageFile size 35434M (AvailPageFile size 80M)
current process WorkingSet (physical memory assigned to process): 10M, peak: 10M
current process commit charge ("private bytes"): 58M, peak: 376M

vm_info: Java HotSpot(TM) 64-Bit Server VM (11.0.13+10-LTS-370) for windows-amd64 JRE (11.0.13+10-LTS-370), built on Sep 15 2021 22:10:36 by "mach5one" with MS VC++ 15.9 (VS2017)

END.
